[2026-07-13 12:55:01] TOOL_GAP ERROR local_pdf_read missing
  user="Donna, read the PDF on my Desktop docs folder"
  tool_trace=[]
  observation=ERROR: no tool can extract text from local PDF documents
  notes=Need offline jailed PDF text extract under CAMGRASPER/docs only.

[2026-07-13 12:56:12] TOOL_GAP ERROR local_text_summary missing
  user="Summarize notes.txt for me"
  tool_trace=[]
  observation=ERROR: no sandboxed local text-file reader/summarizer
  constraint=directory jail required; no shell; stdlib or single pinned pip (pypdf)

[2026-07-13 12:57:40] ROUTER WARNING wrong tool fallthrough
  intent=describe_spatial_scene when user said "open that PDF and tell me the abstract"
  desired=read jailed local PDF bytes + spoken short summary
  deployed_already=farsi_naming_fix (do NOT repropose)
  vram=8GB avoid new ML models / cloud OCR APIs

[2026-07-13 13:01:05] USER REQUEST "Read README in the docs folder and give me three bullets"
  status=unhandled
  preferred_deps=pypdf OR pathlib+stdlib for .txt/.md

[2026-07-13 13:02:22] SECURITY NOTE
  Any file tool MUST jail to C:\Users\Amix\Desktop\CAMGRASPER\docs
  forbid ../ traversal, absolute paths outside jail, and OS binaries
